<?xml version="1.0" encoding="UTF-8"?>
<!-- Generated by org.testng.reporters.JUnitReportReporter -->
<testsuite hostname="DESKTOP-R0FCB55" name="com.qa.Zoopla.Test.HomePage" tests="1" failures="0" timestamp="11 May 2021 22:09:01 GMT" time="11.928" errors="0">
  <testcase name="getTitle" time="11.928" classname="com.qa.Zoopla.Test.HomePage"/>
</testsuite> <!-- com.qa.Zoopla.Test.HomePage -->
