<?xml version="1.0" encoding="UTF-8"?>
<!-- Generated by org.testng.reporters.JUnitReportReporter -->
<testsuite hostname="DESKTOP-R0FCB55" name="com.qa.Zoopla.Test.HomePage_Test" tests="2" failures="0" timestamp="15 May 2021 21:59:33 GMT" time="20.775" errors="0">
  <testcase name="validateHomepageTitle" time="10.073" classname="com.qa.Zoopla.Test.HomePage_Test"/>
  <testcase name="studentBarIsNotSelectedValidation" time="10.702" classname="com.qa.Zoopla.Test.HomePage_Test"/>
</testsuite> <!-- com.qa.Zoopla.Test.HomePage_Test -->
