<?xml version="1.0" encoding="UTF-8"?>
<!-- Generated by org.testng.reporters.JUnitReportReporter -->
<testsuite hostname="DESKTOP-R0FCB55" name="com.qa.Zoopla.Test.HomePage_Test" tests="2" failures="0" timestamp="8 Jun 2021 14:30:26 GMT" time="23.627" errors="0">
  <testcase name="validateHomepageTitle" time="10.337" classname="com.qa.Zoopla.Test.HomePage_Test"/>
  <testcase name="fromDisplayed" time="13.290" classname="com.qa.Zoopla.Test.HomePage_Test"/>
</testsuite> <!-- com.qa.Zoopla.Test.HomePage_Test -->
